D:\DOCUMENTS\VISUAL STUDIO 2012\PROJECTS\SERVER2\SERVER2\DEBUG\VC110.PDB
D:\DOCUMENTS\VISUAL STUDIO 2012\PROJECTS\SERVER2\SERVER2\DEBUG\MAIN.OBJ
D:\DOCUMENTS\VISUAL STUDIO 2012\PROJECTS\SERVER2\SERVER2\DEBUG\LIST.OBJ
d:\documents\visual studio 2012\Projects\server2\server2\Debug\list.obj
d:\documents\visual studio 2012\Projects\server2\server2\Debug\main.obj
d:\documents\visual studio 2012\Projects\server2\server2\Debug\cl.command.1.tlog
d:\documents\visual studio 2012\Projects\server2\server2\Debug\CL.read.1.tlog
d:\documents\visual studio 2012\Projects\server2\server2\Debug\CL.write.1.tlog
d:\documents\visual studio 2012\Projects\server2\server2\Debug\link-cvtres.read.1.tlog
d:\documents\visual studio 2012\Projects\server2\server2\Debug\link-cvtres.write.1.tlog
d:\documents\visual studio 2012\Projects\server2\server2\Debug\link-rc.read.1.tlog
d:\documents\visual studio 2012\Projects\server2\server2\Debug\link-rc.write.1.tlog
d:\documents\visual studio 2012\Projects\server2\server2\Debug\link.100824-cvtres.read.1.tlog
d:\documents\visual studio 2012\Projects\server2\server2\Debug\link.100824-cvtres.write.1.tlog
d:\documents\visual studio 2012\Projects\server2\server2\Debug\link.100824-rc.read.1.tlog
d:\documents\visual studio 2012\Projects\server2\server2\Debug\link.100824-rc.write.1.tlog
d:\documents\visual studio 2012\Projects\server2\server2\Debug\link.100824.read.1.tlog
d:\documents\visual studio 2012\Projects\server2\server2\Debug\link.100824.write.1.tlog
d:\documents\visual studio 2012\Projects\server2\server2\Debug\link.101636-cvtres.read.1.tlog
d:\documents\visual studio 2012\Projects\server2\server2\Debug\link.101636-cvtres.write.1.tlog
d:\documents\visual studio 2012\Projects\server2\server2\Debug\link.101636-rc.read.1.tlog
d:\documents\visual studio 2012\Projects\server2\server2\Debug\link.101636-rc.write.1.tlog
d:\documents\visual studio 2012\Projects\server2\server2\Debug\link.101636.read.1.tlog
d:\documents\visual studio 2012\Projects\server2\server2\Debug\link.101636.write.1.tlog
d:\documents\visual studio 2012\Projects\server2\server2\Debug\link.102068-cvtres.read.1.tlog
d:\documents\visual studio 2012\Projects\server2\server2\Debug\link.102068-cvtres.write.1.tlog
d:\documents\visual studio 2012\Projects\server2\server2\Debug\link.102068-rc.read.1.tlog
d:\documents\visual studio 2012\Projects\server2\server2\Debug\link.102068-rc.write.1.tlog
d:\documents\visual studio 2012\Projects\server2\server2\Debug\link.102068.read.1.tlog
d:\documents\visual studio 2012\Projects\server2\server2\Debug\link.102068.write.1.tlog
d:\documents\visual studio 2012\Projects\server2\server2\Debug\link.103232-cvtres.read.1.tlog
d:\documents\visual studio 2012\Projects\server2\server2\Debug\link.103232-cvtres.write.1.tlog
d:\documents\visual studio 2012\Projects\server2\server2\Debug\link.103232-rc.read.1.tlog
d:\documents\visual studio 2012\Projects\server2\server2\Debug\link.103232-rc.write.1.tlog
d:\documents\visual studio 2012\Projects\server2\server2\Debug\link.103232.read.1.tlog
d:\documents\visual studio 2012\Projects\server2\server2\Debug\link.103232.write.1.tlog
d:\documents\visual studio 2012\Projects\server2\server2\Debug\link.112168-cvtres.read.1.tlog
d:\documents\visual studio 2012\Projects\server2\server2\Debug\link.112168-cvtres.write.1.tlog
d:\documents\visual studio 2012\Projects\server2\server2\Debug\link.112168-rc.read.1.tlog
d:\documents\visual studio 2012\Projects\server2\server2\Debug\link.112168-rc.write.1.tlog
d:\documents\visual studio 2012\Projects\server2\server2\Debug\link.112168.read.1.tlog
d:\documents\visual studio 2012\Projects\server2\server2\Debug\link.112168.write.1.tlog
d:\documents\visual studio 2012\Projects\server2\server2\Debug\link.112736-cvtres.read.1.tlog
d:\documents\visual studio 2012\Projects\server2\server2\Debug\link.112736-cvtres.write.1.tlog
d:\documents\visual studio 2012\Projects\server2\server2\Debug\link.112736-rc.read.1.tlog
d:\documents\visual studio 2012\Projects\server2\server2\Debug\link.112736-rc.write.1.tlog
d:\documents\visual studio 2012\Projects\server2\server2\Debug\link.112736.read.1.tlog
d:\documents\visual studio 2012\Projects\server2\server2\Debug\link.112736.write.1.tlog
d:\documents\visual studio 2012\Projects\server2\server2\Debug\link.113324-cvtres.read.1.tlog
d:\documents\visual studio 2012\Projects\server2\server2\Debug\link.113324-cvtres.write.1.tlog
d:\documents\visual studio 2012\Projects\server2\server2\Debug\link.113324-rc.read.1.tlog
d:\documents\visual studio 2012\Projects\server2\server2\Debug\link.113324-rc.write.1.tlog
d:\documents\visual studio 2012\Projects\server2\server2\Debug\link.113324.read.1.tlog
d:\documents\visual studio 2012\Projects\server2\server2\Debug\link.113324.write.1.tlog
d:\documents\visual studio 2012\Projects\server2\server2\Debug\link.113900-cvtres.read.1.tlog
d:\documents\visual studio 2012\Projects\server2\server2\Debug\link.113900-cvtres.write.1.tlog
d:\documents\visual studio 2012\Projects\server2\server2\Debug\link.113900-rc.read.1.tlog
d:\documents\visual studio 2012\Projects\server2\server2\Debug\link.113900-rc.write.1.tlog
d:\documents\visual studio 2012\Projects\server2\server2\Debug\link.113900.read.1.tlog
d:\documents\visual studio 2012\Projects\server2\server2\Debug\link.113900.write.1.tlog
d:\documents\visual studio 2012\Projects\server2\server2\Debug\link.1292-cvtres.read.1.tlog
d:\documents\visual studio 2012\Projects\server2\server2\Debug\link.1292-cvtres.write.1.tlog
d:\documents\visual studio 2012\Projects\server2\server2\Debug\link.1292-rc.read.1.tlog
d:\documents\visual studio 2012\Projects\server2\server2\Debug\link.1292-rc.write.1.tlog
d:\documents\visual studio 2012\Projects\server2\server2\Debug\link.1292.read.1.tlog
d:\documents\visual studio 2012\Projects\server2\server2\Debug\link.1292.read.2.tlog
d:\documents\visual studio 2012\Projects\server2\server2\Debug\link.1292.write.1.tlog
d:\documents\visual studio 2012\Projects\server2\server2\Debug\link.134520-cvtres.read.1.tlog
d:\documents\visual studio 2012\Projects\server2\server2\Debug\link.134520-cvtres.write.1.tlog
d:\documents\visual studio 2012\Projects\server2\server2\Debug\link.134520-rc.read.1.tlog
d:\documents\visual studio 2012\Projects\server2\server2\Debug\link.134520-rc.write.1.tlog
d:\documents\visual studio 2012\Projects\server2\server2\Debug\link.134520.read.1.tlog
d:\documents\visual studio 2012\Projects\server2\server2\Debug\link.134520.write.1.tlog
d:\documents\visual studio 2012\Projects\server2\server2\Debug\link.136112-cvtres.read.1.tlog
d:\documents\visual studio 2012\Projects\server2\server2\Debug\link.136112-cvtres.write.1.tlog
d:\documents\visual studio 2012\Projects\server2\server2\Debug\link.136112-rc.read.1.tlog
d:\documents\visual studio 2012\Projects\server2\server2\Debug\link.136112-rc.write.1.tlog
d:\documents\visual studio 2012\Projects\server2\server2\Debug\link.136112.read.1.tlog
d:\documents\visual studio 2012\Projects\server2\server2\Debug\link.136112.write.1.tlog
d:\documents\visual studio 2012\Projects\server2\server2\Debug\link.139320-cvtres.read.1.tlog
d:\documents\visual studio 2012\Projects\server2\server2\Debug\link.139320-cvtres.write.1.tlog
d:\documents\visual studio 2012\Projects\server2\server2\Debug\link.139320-rc.read.1.tlog
d:\documents\visual studio 2012\Projects\server2\server2\Debug\link.139320-rc.write.1.tlog
d:\documents\visual studio 2012\Projects\server2\server2\Debug\link.139320.read.1.tlog
d:\documents\visual studio 2012\Projects\server2\server2\Debug\link.139320.write.1.tlog
d:\documents\visual studio 2012\Projects\server2\server2\Debug\link.167968-cvtres.read.1.tlog
d:\documents\visual studio 2012\Projects\server2\server2\Debug\link.167968-cvtres.write.1.tlog
d:\documents\visual studio 2012\Projects\server2\server2\Debug\link.167968-rc.read.1.tlog
d:\documents\visual studio 2012\Projects\server2\server2\Debug\link.167968-rc.write.1.tlog
d:\documents\visual studio 2012\Projects\server2\server2\Debug\link.167968.read.1.tlog
d:\documents\visual studio 2012\Projects\server2\server2\Debug\link.167968.write.1.tlog
d:\documents\visual studio 2012\Projects\server2\server2\Debug\link.172256-cvtres.read.1.tlog
d:\documents\visual studio 2012\Projects\server2\server2\Debug\link.172256-cvtres.write.1.tlog
d:\documents\visual studio 2012\Projects\server2\server2\Debug\link.172256-rc.read.1.tlog
d:\documents\visual studio 2012\Projects\server2\server2\Debug\link.172256-rc.write.1.tlog
d:\documents\visual studio 2012\Projects\server2\server2\Debug\link.172256.read.1.tlog
d:\documents\visual studio 2012\Projects\server2\server2\Debug\link.172256.write.1.tlog
d:\documents\visual studio 2012\Projects\server2\server2\Debug\link.187992-cvtres.read.1.tlog
d:\documents\visual studio 2012\Projects\server2\server2\Debug\link.187992-cvtres.write.1.tlog
d:\documents\visual studio 2012\Projects\server2\server2\Debug\link.187992-rc.read.1.tlog
d:\documents\visual studio 2012\Projects\server2\server2\Debug\link.187992-rc.write.1.tlog
d:\documents\visual studio 2012\Projects\server2\server2\Debug\link.187992.read.1.tlog
d:\documents\visual studio 2012\Projects\server2\server2\Debug\link.187992.write.1.tlog
d:\documents\visual studio 2012\Projects\server2\server2\Debug\link.190756-cvtres.read.1.tlog
d:\documents\visual studio 2012\Projects\server2\server2\Debug\link.190756-cvtres.write.1.tlog
d:\documents\visual studio 2012\Projects\server2\server2\Debug\link.190756-rc.read.1.tlog
d:\documents\visual studio 2012\Projects\server2\server2\Debug\link.190756-rc.write.1.tlog
d:\documents\visual studio 2012\Projects\server2\server2\Debug\link.190756.read.1.tlog
d:\documents\visual studio 2012\Projects\server2\server2\Debug\link.190756.write.1.tlog
d:\documents\visual studio 2012\Projects\server2\server2\Debug\link.195108-cvtres.read.1.tlog
d:\documents\visual studio 2012\Projects\server2\server2\Debug\link.195108-cvtres.write.1.tlog
d:\documents\visual studio 2012\Projects\server2\server2\Debug\link.195108-rc.read.1.tlog
d:\documents\visual studio 2012\Projects\server2\server2\Debug\link.195108-rc.write.1.tlog
d:\documents\visual studio 2012\Projects\server2\server2\Debug\link.195108.read.1.tlog
d:\documents\visual studio 2012\Projects\server2\server2\Debug\link.195108.write.1.tlog
d:\documents\visual studio 2012\Projects\server2\server2\Debug\link.199436-cvtres.read.1.tlog
d:\documents\visual studio 2012\Projects\server2\server2\Debug\link.199436-cvtres.write.1.tlog
d:\documents\visual studio 2012\Projects\server2\server2\Debug\link.199436-rc.read.1.tlog
d:\documents\visual studio 2012\Projects\server2\server2\Debug\link.199436-rc.write.1.tlog
d:\documents\visual studio 2012\Projects\server2\server2\Debug\link.199436.read.1.tlog
d:\documents\visual studio 2012\Projects\server2\server2\Debug\link.199436.write.1.tlog
d:\documents\visual studio 2012\Projects\server2\server2\Debug\link.2088-cvtres.read.1.tlog
d:\documents\visual studio 2012\Projects\server2\server2\Debug\link.2088-cvtres.write.1.tlog
d:\documents\visual studio 2012\Projects\server2\server2\Debug\link.2088-rc.read.1.tlog
d:\documents\visual studio 2012\Projects\server2\server2\Debug\link.2088-rc.write.1.tlog
d:\documents\visual studio 2012\Projects\server2\server2\Debug\link.2088.read.1.tlog
d:\documents\visual studio 2012\Projects\server2\server2\Debug\link.2088.read.2.tlog
d:\documents\visual studio 2012\Projects\server2\server2\Debug\link.2088.write.1.tlog
d:\documents\visual studio 2012\Projects\server2\server2\Debug\link.242976-cvtres.read.1.tlog
d:\documents\visual studio 2012\Projects\server2\server2\Debug\link.242976-cvtres.write.1.tlog
d:\documents\visual studio 2012\Projects\server2\server2\Debug\link.242976-rc.read.1.tlog
d:\documents\visual studio 2012\Projects\server2\server2\Debug\link.242976-rc.write.1.tlog
d:\documents\visual studio 2012\Projects\server2\server2\Debug\link.242976.read.1.tlog
d:\documents\visual studio 2012\Projects\server2\server2\Debug\link.242976.write.1.tlog
d:\documents\visual studio 2012\Projects\server2\server2\Debug\link.2616-cvtres.read.1.tlog
d:\documents\visual studio 2012\Projects\server2\server2\Debug\link.2616-cvtres.write.1.tlog
d:\documents\visual studio 2012\Projects\server2\server2\Debug\link.2616-rc.read.1.tlog
d:\documents\visual studio 2012\Projects\server2\server2\Debug\link.2616-rc.write.1.tlog
d:\documents\visual studio 2012\Projects\server2\server2\Debug\link.2616.read.1.tlog
d:\documents\visual studio 2012\Projects\server2\server2\Debug\link.2616.read.2.tlog
d:\documents\visual studio 2012\Projects\server2\server2\Debug\link.2616.write.1.tlog
d:\documents\visual studio 2012\Projects\server2\server2\Debug\link.2796-cvtres.read.1.tlog
d:\documents\visual studio 2012\Projects\server2\server2\Debug\link.2796-cvtres.write.1.tlog
d:\documents\visual studio 2012\Projects\server2\server2\Debug\link.2796-rc.read.1.tlog
d:\documents\visual studio 2012\Projects\server2\server2\Debug\link.2796-rc.write.1.tlog
d:\documents\visual studio 2012\Projects\server2\server2\Debug\link.2796.read.1.tlog
d:\documents\visual studio 2012\Projects\server2\server2\Debug\link.2796.read.2.tlog
d:\documents\visual studio 2012\Projects\server2\server2\Debug\link.2796.write.1.tlog
d:\documents\visual studio 2012\Projects\server2\server2\Debug\link.281404-cvtres.read.1.tlog
d:\documents\visual studio 2012\Projects\server2\server2\Debug\link.281404-cvtres.write.1.tlog
d:\documents\visual studio 2012\Projects\server2\server2\Debug\link.281404-rc.read.1.tlog
d:\documents\visual studio 2012\Projects\server2\server2\Debug\link.281404-rc.write.1.tlog
d:\documents\visual studio 2012\Projects\server2\server2\Debug\link.281404.read.1.tlog
d:\documents\visual studio 2012\Projects\server2\server2\Debug\link.281404.read.2.tlog
d:\documents\visual studio 2012\Projects\server2\server2\Debug\link.281404.write.1.tlog
d:\documents\visual studio 2012\Projects\server2\server2\Debug\link.302528-cvtres.read.1.tlog
d:\documents\visual studio 2012\Projects\server2\server2\Debug\link.302528-cvtres.write.1.tlog
d:\documents\visual studio 2012\Projects\server2\server2\Debug\link.302528-rc.read.1.tlog
d:\documents\visual studio 2012\Projects\server2\server2\Debug\link.302528-rc.write.1.tlog
d:\documents\visual studio 2012\Projects\server2\server2\Debug\link.302528.read.1.tlog
d:\documents\visual studio 2012\Projects\server2\server2\Debug\link.302528.read.2.tlog
d:\documents\visual studio 2012\Projects\server2\server2\Debug\link.302528.write.1.tlog
d:\documents\visual studio 2012\Projects\server2\server2\Debug\link.302864-cvtres.read.1.tlog
d:\documents\visual studio 2012\Projects\server2\server2\Debug\link.302864-cvtres.write.1.tlog
d:\documents\visual studio 2012\Projects\server2\server2\Debug\link.302864-rc.read.1.tlog
d:\documents\visual studio 2012\Projects\server2\server2\Debug\link.302864-rc.write.1.tlog
d:\documents\visual studio 2012\Projects\server2\server2\Debug\link.302864.read.1.tlog
d:\documents\visual studio 2012\Projects\server2\server2\Debug\link.302864.write.1.tlog
d:\documents\visual studio 2012\Projects\server2\server2\Debug\link.333264-cvtres.read.1.tlog
d:\documents\visual studio 2012\Projects\server2\server2\Debug\link.333264-cvtres.write.1.tlog
d:\documents\visual studio 2012\Projects\server2\server2\Debug\link.333264-rc.read.1.tlog
d:\documents\visual studio 2012\Projects\server2\server2\Debug\link.333264-rc.write.1.tlog
d:\documents\visual studio 2012\Projects\server2\server2\Debug\link.333264.read.1.tlog
d:\documents\visual studio 2012\Projects\server2\server2\Debug\link.333264.write.1.tlog
d:\documents\visual studio 2012\Projects\server2\server2\Debug\link.3524-cvtres.read.1.tlog
d:\documents\visual studio 2012\Projects\server2\server2\Debug\link.3524-cvtres.write.1.tlog
d:\documents\visual studio 2012\Projects\server2\server2\Debug\link.3524-rc.read.1.tlog
d:\documents\visual studio 2012\Projects\server2\server2\Debug\link.3524-rc.write.1.tlog
d:\documents\visual studio 2012\Projects\server2\server2\Debug\link.3524.read.1.tlog
d:\documents\visual studio 2012\Projects\server2\server2\Debug\link.3524.read.2.tlog
d:\documents\visual studio 2012\Projects\server2\server2\Debug\link.3524.write.1.tlog
d:\documents\visual studio 2012\Projects\server2\server2\Debug\link.359280-cvtres.read.1.tlog
d:\documents\visual studio 2012\Projects\server2\server2\Debug\link.359280-cvtres.write.1.tlog
d:\documents\visual studio 2012\Projects\server2\server2\Debug\link.359280-rc.read.1.tlog
d:\documents\visual studio 2012\Projects\server2\server2\Debug\link.359280-rc.write.1.tlog
d:\documents\visual studio 2012\Projects\server2\server2\Debug\link.359280.read.1.tlog
d:\documents\visual studio 2012\Projects\server2\server2\Debug\link.359280.write.1.tlog
d:\documents\visual studio 2012\Projects\server2\server2\Debug\link.3620-cvtres.read.1.tlog
d:\documents\visual studio 2012\Projects\server2\server2\Debug\link.3620-cvtres.write.1.tlog
d:\documents\visual studio 2012\Projects\server2\server2\Debug\link.3620-rc.read.1.tlog
d:\documents\visual studio 2012\Projects\server2\server2\Debug\link.3620-rc.write.1.tlog
d:\documents\visual studio 2012\Projects\server2\server2\Debug\link.3620.read.1.tlog
d:\documents\visual studio 2012\Projects\server2\server2\Debug\link.3620.read.2.tlog
d:\documents\visual studio 2012\Projects\server2\server2\Debug\link.3620.write.1.tlog
d:\documents\visual studio 2012\Projects\server2\server2\Debug\link.368064-cvtres.read.1.tlog
d:\documents\visual studio 2012\Projects\server2\server2\Debug\link.368064-cvtres.write.1.tlog
d:\documents\visual studio 2012\Projects\server2\server2\Debug\link.368064-rc.read.1.tlog
d:\documents\visual studio 2012\Projects\server2\server2\Debug\link.368064-rc.write.1.tlog
d:\documents\visual studio 2012\Projects\server2\server2\Debug\link.368064.read.1.tlog
d:\documents\visual studio 2012\Projects\server2\server2\Debug\link.368064.read.2.tlog
d:\documents\visual studio 2012\Projects\server2\server2\Debug\link.368064.write.1.tlog
d:\documents\visual studio 2012\Projects\server2\server2\Debug\link.368700-cvtres.read.1.tlog
d:\documents\visual studio 2012\Projects\server2\server2\Debug\link.368700-cvtres.write.1.tlog
d:\documents\visual studio 2012\Projects\server2\server2\Debug\link.368700-rc.read.1.tlog
d:\documents\visual studio 2012\Projects\server2\server2\Debug\link.368700-rc.write.1.tlog
d:\documents\visual studio 2012\Projects\server2\server2\Debug\link.368700.read.1.tlog
d:\documents\visual studio 2012\Projects\server2\server2\Debug\link.368700.read.2.tlog
d:\documents\visual studio 2012\Projects\server2\server2\Debug\link.368700.write.1.tlog
d:\documents\visual studio 2012\Projects\server2\server2\Debug\link.369472-cvtres.read.1.tlog
d:\documents\visual studio 2012\Projects\server2\server2\Debug\link.369472-cvtres.write.1.tlog
d:\documents\visual studio 2012\Projects\server2\server2\Debug\link.369472-rc.read.1.tlog
d:\documents\visual studio 2012\Projects\server2\server2\Debug\link.369472-rc.write.1.tlog
d:\documents\visual studio 2012\Projects\server2\server2\Debug\link.369472.read.1.tlog
d:\documents\visual studio 2012\Projects\server2\server2\Debug\link.369472.read.2.tlog
d:\documents\visual studio 2012\Projects\server2\server2\Debug\link.369472.write.1.tlog
d:\documents\visual studio 2012\Projects\server2\server2\Debug\link.3732-cvtres.read.1.tlog
d:\documents\visual studio 2012\Projects\server2\server2\Debug\link.3732-cvtres.write.1.tlog
d:\documents\visual studio 2012\Projects\server2\server2\Debug\link.3732-rc.read.1.tlog
d:\documents\visual studio 2012\Projects\server2\server2\Debug\link.3732-rc.write.1.tlog
d:\documents\visual studio 2012\Projects\server2\server2\Debug\link.3732.read.1.tlog
d:\documents\visual studio 2012\Projects\server2\server2\Debug\link.3732.read.2.tlog
d:\documents\visual studio 2012\Projects\server2\server2\Debug\link.3732.write.1.tlog
d:\documents\visual studio 2012\Projects\server2\server2\Debug\link.3768-cvtres.read.1.tlog
d:\documents\visual studio 2012\Projects\server2\server2\Debug\link.3768-cvtres.write.1.tlog
d:\documents\visual studio 2012\Projects\server2\server2\Debug\link.3768-rc.read.1.tlog
d:\documents\visual studio 2012\Projects\server2\server2\Debug\link.3768-rc.write.1.tlog
d:\documents\visual studio 2012\Projects\server2\server2\Debug\link.3768.read.1.tlog
d:\documents\visual studio 2012\Projects\server2\server2\Debug\link.3768.read.2.tlog
d:\documents\visual studio 2012\Projects\server2\server2\Debug\link.3768.write.1.tlog
d:\documents\visual studio 2012\Projects\server2\server2\Debug\link.377660-cvtres.read.1.tlog
d:\documents\visual studio 2012\Projects\server2\server2\Debug\link.377660-cvtres.write.1.tlog
d:\documents\visual studio 2012\Projects\server2\server2\Debug\link.377660-rc.read.1.tlog
d:\documents\visual studio 2012\Projects\server2\server2\Debug\link.377660-rc.write.1.tlog
d:\documents\visual studio 2012\Projects\server2\server2\Debug\link.377660.read.1.tlog
d:\documents\visual studio 2012\Projects\server2\server2\Debug\link.377660.write.1.tlog
d:\documents\visual studio 2012\Projects\server2\server2\Debug\link.385768-cvtres.read.1.tlog
d:\documents\visual studio 2012\Projects\server2\server2\Debug\link.385768-cvtres.write.1.tlog
d:\documents\visual studio 2012\Projects\server2\server2\Debug\link.385768-rc.read.1.tlog
d:\documents\visual studio 2012\Projects\server2\server2\Debug\link.385768-rc.write.1.tlog
d:\documents\visual studio 2012\Projects\server2\server2\Debug\link.385768.read.1.tlog
d:\documents\visual studio 2012\Projects\server2\server2\Debug\link.385768.write.1.tlog
d:\documents\visual studio 2012\Projects\server2\server2\Debug\link.390044-cvtres.read.1.tlog
d:\documents\visual studio 2012\Projects\server2\server2\Debug\link.390044-cvtres.write.1.tlog
d:\documents\visual studio 2012\Projects\server2\server2\Debug\link.390044-rc.read.1.tlog
d:\documents\visual studio 2012\Projects\server2\server2\Debug\link.390044-rc.write.1.tlog
d:\documents\visual studio 2012\Projects\server2\server2\Debug\link.390044.read.1.tlog
d:\documents\visual studio 2012\Projects\server2\server2\Debug\link.390044.write.1.tlog
d:\documents\visual studio 2012\Projects\server2\server2\Debug\link.390280-cvtres.read.1.tlog
d:\documents\visual studio 2012\Projects\server2\server2\Debug\link.390280-cvtres.write.1.tlog
d:\documents\visual studio 2012\Projects\server2\server2\Debug\link.390280-rc.read.1.tlog
d:\documents\visual studio 2012\Projects\server2\server2\Debug\link.390280-rc.write.1.tlog
d:\documents\visual studio 2012\Projects\server2\server2\Debug\link.390280.read.1.tlog
d:\documents\visual studio 2012\Projects\server2\server2\Debug\link.390280.read.2.tlog
d:\documents\visual studio 2012\Projects\server2\server2\Debug\link.390280.write.1.tlog
d:\documents\visual studio 2012\Projects\server2\server2\Debug\link.3928-cvtres.read.1.tlog
d:\documents\visual studio 2012\Projects\server2\server2\Debug\link.3928-cvtres.write.1.tlog
d:\documents\visual studio 2012\Projects\server2\server2\Debug\link.3928-rc.read.1.tlog
d:\documents\visual studio 2012\Projects\server2\server2\Debug\link.3928-rc.write.1.tlog
d:\documents\visual studio 2012\Projects\server2\server2\Debug\link.3928.read.1.tlog
d:\documents\visual studio 2012\Projects\server2\server2\Debug\link.3928.read.2.tlog
d:\documents\visual studio 2012\Projects\server2\server2\Debug\link.3928.write.1.tlog
d:\documents\visual studio 2012\Projects\server2\server2\Debug\link.3948-cvtres.read.1.tlog
d:\documents\visual studio 2012\Projects\server2\server2\Debug\link.3948-cvtres.write.1.tlog
d:\documents\visual studio 2012\Projects\server2\server2\Debug\link.3948-rc.read.1.tlog
d:\documents\visual studio 2012\Projects\server2\server2\Debug\link.3948-rc.write.1.tlog
d:\documents\visual studio 2012\Projects\server2\server2\Debug\link.3948.read.1.tlog
d:\documents\visual studio 2012\Projects\server2\server2\Debug\link.3948.read.2.tlog
d:\documents\visual studio 2012\Projects\server2\server2\Debug\link.3948.write.1.tlog
d:\documents\visual studio 2012\Projects\server2\server2\Debug\link.404788-cvtres.read.1.tlog
d:\documents\visual studio 2012\Projects\server2\server2\Debug\link.404788-cvtres.write.1.tlog
d:\documents\visual studio 2012\Projects\server2\server2\Debug\link.404788-rc.read.1.tlog
d:\documents\visual studio 2012\Projects\server2\server2\Debug\link.404788-rc.write.1.tlog
d:\documents\visual studio 2012\Projects\server2\server2\Debug\link.404788.read.1.tlog
d:\documents\visual studio 2012\Projects\server2\server2\Debug\link.404788.write.1.tlog
d:\documents\visual studio 2012\Projects\server2\server2\Debug\link.418208-cvtres.read.1.tlog
d:\documents\visual studio 2012\Projects\server2\server2\Debug\link.418208-cvtres.write.1.tlog
d:\documents\visual studio 2012\Projects\server2\server2\Debug\link.418208-rc.read.1.tlog
d:\documents\visual studio 2012\Projects\server2\server2\Debug\link.418208-rc.write.1.tlog
d:\documents\visual studio 2012\Projects\server2\server2\Debug\link.418208.read.1.tlog
d:\documents\visual studio 2012\Projects\server2\server2\Debug\link.418208.write.1.tlog
d:\documents\visual studio 2012\Projects\server2\server2\Debug\link.4200-cvtres.read.1.tlog
d:\documents\visual studio 2012\Projects\server2\server2\Debug\link.4200-cvtres.write.1.tlog
d:\documents\visual studio 2012\Projects\server2\server2\Debug\link.4200-rc.read.1.tlog
d:\documents\visual studio 2012\Projects\server2\server2\Debug\link.4200-rc.write.1.tlog
d:\documents\visual studio 2012\Projects\server2\server2\Debug\link.4200.read.1.tlog
d:\documents\visual studio 2012\Projects\server2\server2\Debug\link.4200.read.2.tlog
d:\documents\visual studio 2012\Projects\server2\server2\Debug\link.4200.write.1.tlog
d:\documents\visual studio 2012\Projects\server2\server2\Debug\link.4328-cvtres.read.1.tlog
d:\documents\visual studio 2012\Projects\server2\server2\Debug\link.4328-cvtres.write.1.tlog
d:\documents\visual studio 2012\Projects\server2\server2\Debug\link.4328-rc.read.1.tlog
d:\documents\visual studio 2012\Projects\server2\server2\Debug\link.4328-rc.write.1.tlog
d:\documents\visual studio 2012\Projects\server2\server2\Debug\link.4328.read.1.tlog
d:\documents\visual studio 2012\Projects\server2\server2\Debug\link.4328.read.2.tlog
d:\documents\visual studio 2012\Projects\server2\server2\Debug\link.4328.write.1.tlog
d:\documents\visual studio 2012\Projects\server2\server2\Debug\link.4344-cvtres.read.1.tlog
d:\documents\visual studio 2012\Projects\server2\server2\Debug\link.4344-cvtres.write.1.tlog
d:\documents\visual studio 2012\Projects\server2\server2\Debug\link.4344-rc.read.1.tlog
d:\documents\visual studio 2012\Projects\server2\server2\Debug\link.4344-rc.write.1.tlog
d:\documents\visual studio 2012\Projects\server2\server2\Debug\link.4344.read.1.tlog
d:\documents\visual studio 2012\Projects\server2\server2\Debug\link.4344.read.2.tlog
d:\documents\visual studio 2012\Projects\server2\server2\Debug\link.4344.write.1.tlog
d:\documents\visual studio 2012\Projects\server2\server2\Debug\link.4536-cvtres.read.1.tlog
d:\documents\visual studio 2012\Projects\server2\server2\Debug\link.4536-cvtres.write.1.tlog
d:\documents\visual studio 2012\Projects\server2\server2\Debug\link.4536-rc.read.1.tlog
d:\documents\visual studio 2012\Projects\server2\server2\Debug\link.4536-rc.write.1.tlog
d:\documents\visual studio 2012\Projects\server2\server2\Debug\link.4536.read.1.tlog
d:\documents\visual studio 2012\Projects\server2\server2\Debug\link.4536.read.2.tlog
d:\documents\visual studio 2012\Projects\server2\server2\Debug\link.4536.write.1.tlog
d:\documents\visual studio 2012\Projects\server2\server2\Debug\link.4792-cvtres.read.1.tlog
d:\documents\visual studio 2012\Projects\server2\server2\Debug\link.4792-cvtres.write.1.tlog
d:\documents\visual studio 2012\Projects\server2\server2\Debug\link.4792-rc.read.1.tlog
d:\documents\visual studio 2012\Projects\server2\server2\Debug\link.4792-rc.write.1.tlog
d:\documents\visual studio 2012\Projects\server2\server2\Debug\link.4792.read.1.tlog
d:\documents\visual studio 2012\Projects\server2\server2\Debug\link.4792.read.2.tlog
d:\documents\visual studio 2012\Projects\server2\server2\Debug\link.4792.write.1.tlog
d:\documents\visual studio 2012\Projects\server2\server2\Debug\link.4828-cvtres.read.1.tlog
d:\documents\visual studio 2012\Projects\server2\server2\Debug\link.4828-cvtres.write.1.tlog
d:\documents\visual studio 2012\Projects\server2\server2\Debug\link.4828-rc.read.1.tlog
d:\documents\visual studio 2012\Projects\server2\server2\Debug\link.4828-rc.write.1.tlog
d:\documents\visual studio 2012\Projects\server2\server2\Debug\link.4828.read.1.tlog
d:\documents\visual studio 2012\Projects\server2\server2\Debug\link.4828.read.2.tlog
d:\documents\visual studio 2012\Projects\server2\server2\Debug\link.4828.write.1.tlog
d:\documents\visual studio 2012\Projects\server2\server2\Debug\link.4852-cvtres.read.1.tlog
d:\documents\visual studio 2012\Projects\server2\server2\Debug\link.4852-cvtres.write.1.tlog
d:\documents\visual studio 2012\Projects\server2\server2\Debug\link.4852-rc.read.1.tlog
d:\documents\visual studio 2012\Projects\server2\server2\Debug\link.4852-rc.write.1.tlog
d:\documents\visual studio 2012\Projects\server2\server2\Debug\link.4852.read.1.tlog
d:\documents\visual studio 2012\Projects\server2\server2\Debug\link.4852.read.2.tlog
d:\documents\visual studio 2012\Projects\server2\server2\Debug\link.4852.write.1.tlog
d:\documents\visual studio 2012\Projects\server2\server2\Debug\link.4952-cvtres.read.1.tlog
d:\documents\visual studio 2012\Projects\server2\server2\Debug\link.4952-cvtres.write.1.tlog
d:\documents\visual studio 2012\Projects\server2\server2\Debug\link.4952-rc.read.1.tlog
d:\documents\visual studio 2012\Projects\server2\server2\Debug\link.4952-rc.write.1.tlog
d:\documents\visual studio 2012\Projects\server2\server2\Debug\link.4952.read.1.tlog
d:\documents\visual studio 2012\Projects\server2\server2\Debug\link.4952.read.2.tlog
d:\documents\visual studio 2012\Projects\server2\server2\Debug\link.4952.write.1.tlog
d:\documents\visual studio 2012\Projects\server2\server2\Debug\link.5096-cvtres.read.1.tlog
d:\documents\visual studio 2012\Projects\server2\server2\Debug\link.5096-cvtres.write.1.tlog
d:\documents\visual studio 2012\Projects\server2\server2\Debug\link.5096-rc.read.1.tlog
d:\documents\visual studio 2012\Projects\server2\server2\Debug\link.5096-rc.write.1.tlog
d:\documents\visual studio 2012\Projects\server2\server2\Debug\link.5096.read.1.tlog
d:\documents\visual studio 2012\Projects\server2\server2\Debug\link.5096.read.2.tlog
d:\documents\visual studio 2012\Projects\server2\server2\Debug\link.5096.write.1.tlog
d:\documents\visual studio 2012\Projects\server2\server2\Debug\link.91664-cvtres.read.1.tlog
d:\documents\visual studio 2012\Projects\server2\server2\Debug\link.91664-cvtres.write.1.tlog
d:\documents\visual studio 2012\Projects\server2\server2\Debug\link.91664-rc.read.1.tlog
d:\documents\visual studio 2012\Projects\server2\server2\Debug\link.91664-rc.write.1.tlog
d:\documents\visual studio 2012\Projects\server2\server2\Debug\link.91664.read.1.tlog
d:\documents\visual studio 2012\Projects\server2\server2\Debug\link.91664.write.1.tlog
d:\documents\visual studio 2012\Projects\server2\server2\Debug\link.936-cvtres.read.1.tlog
d:\documents\visual studio 2012\Projects\server2\server2\Debug\link.936-cvtres.write.1.tlog
d:\documents\visual studio 2012\Projects\server2\server2\Debug\link.936-rc.read.1.tlog
d:\documents\visual studio 2012\Projects\server2\server2\Debug\link.936-rc.write.1.tlog
d:\documents\visual studio 2012\Projects\server2\server2\Debug\link.936.read.1.tlog
d:\documents\visual studio 2012\Projects\server2\server2\Debug\link.936.read.2.tlog
d:\documents\visual studio 2012\Projects\server2\server2\Debug\link.936.write.1.tlog
d:\documents\visual studio 2012\Projects\server2\server2\Debug\link.95888-cvtres.read.1.tlog
d:\documents\visual studio 2012\Projects\server2\server2\Debug\link.95888-cvtres.write.1.tlog
d:\documents\visual studio 2012\Projects\server2\server2\Debug\link.95888-rc.read.1.tlog
d:\documents\visual studio 2012\Projects\server2\server2\Debug\link.95888-rc.write.1.tlog
d:\documents\visual studio 2012\Projects\server2\server2\Debug\link.95888.read.1.tlog
d:\documents\visual studio 2012\Projects\server2\server2\Debug\link.95888.write.1.tlog
d:\documents\visual studio 2012\Projects\server2\server2\Debug\link.command.1.tlog
d:\documents\visual studio 2012\Projects\server2\server2\Debug\link.read.1.tlog
d:\documents\visual studio 2012\Projects\server2\server2\Debug\link.read.2.tlog
d:\documents\visual studio 2012\Projects\server2\server2\Debug\link.write.1.tlog
d:\documents\visual studio 2012\Projects\server2\server2\Debug\vc110.idb
d:\documents\visual studio 2012\Projects\server2\server2\Debug\vc110.pdb
d:\documents\visual studio 2012\Projects\server2\Debug\server2.pdb
